[2025-03-10 07:03:06] API Request GET
[2025-03-10 07:03:06] GET all users
[2025-03-10 07:08:51] API Request GET
[2025-03-10 07:08:51] GET all users
[2025-03-10 07:08:57] API Request GET
[2025-03-10 07:08:57] GET all users
[2025-03-10 08:07:08] API Request GET
[2025-03-10 08:07:08] GET all users
[2025-03-10 08:07:14] API Request GET
[2025-03-10 08:07:14] GET user 17
[2025-03-10 08:07:29] API Request PUT
[2025-03-10 08:07:29] PUT update user {"username":"bleo","email":"bleo@bleo.com","full_name":"Bleolite","role_id":"13","status":"active","id":"17"}
[2025-03-10 08:07:29] User updated {"id":17}
[2025-03-10 08:07:29] API Request GET
[2025-03-10 08:07:29] GET all users
[2025-03-10 08:08:27] API Request GET
[2025-03-10 08:08:27] GET all users
[2025-03-10 08:19:29] API Request GET
[2025-03-10 08:19:29] GET all users
[2025-03-10 08:20:19] API Request GET
[2025-03-10 08:20:19] GET user 1
[2025-03-10 08:29:42] API Request GET
[2025-03-10 08:29:42] GET user 1
[2025-03-10 08:30:32] API Request GET
[2025-03-10 08:30:32] GET all users
[2025-03-10 09:43:01] API Request GET
[2025-03-10 09:43:01] GET all users
[2025-03-10 09:43:50] API Request GET
[2025-03-10 09:43:50] GET user 1
[2025-03-10 10:47:21] API Request GET
[2025-03-10 10:47:21] GET all users
[2025-03-10 11:00:38] API Request GET
[2025-03-10 11:00:38] GET all users
[2025-03-10 11:01:15] API Request POST
[2025-03-10 11:01:15] POST create user {"username":"leokug","email":"adminadmin@brutto.com","full_name":"Ciao Ciao","role_id":"10","status":"inactive","password":"quaranta"}
[2025-03-10 11:01:15] User created {"id":18,"username":"leokug"}
[2025-03-10 11:01:15] API Request GET
[2025-03-10 11:01:15] GET all users
[2025-03-10 11:01:49] API Request GET
[2025-03-10 11:01:49] GET all users
[2025-03-10 11:02:03] API Request GET
[2025-03-10 11:02:03] GET user 18
[2025-03-10 11:02:08] API Request GET
[2025-03-10 11:02:08] GET user 18
[2025-03-10 11:02:16] API Request PUT
[2025-03-10 11:02:16] PUT update user {"username":"leokug","email":"adminadmin@brutto.com","full_name":"Ciao Brutto","role_id":"10","status":"inactive","id":"18"}
[2025-03-10 11:02:16] User updated {"id":18}
[2025-03-10 11:02:16] API Request GET
[2025-03-10 11:02:16] GET all users
[2025-03-10 14:19:21] API Request GET
[2025-03-10 14:19:21] GET all users
[2025-03-10 14:29:48] API Request GET
[2025-03-10 14:29:48] GET all users
[2025-03-10 15:27:41] API Request GET
[2025-03-10 15:27:41] GET all users
[2025-03-10 15:39:02] API Request GET
[2025-03-10 15:39:02] GET all users
[2025-03-10 20:22:55] API Request GET
[2025-03-10 20:22:55] GET all users
[2025-03-10 20:22:59] API Request GET
[2025-03-10 20:22:59] GET user 1
[2025-03-10 20:23:04] API Request GET
[2025-03-10 20:23:04] GET user 1
[2025-03-10 20:23:08] API Request GET
[2025-03-10 20:23:08] GET user 1
[2025-03-10 20:23:44] API Request GET
[2025-03-10 20:23:44] GET user 8
[2025-03-10 21:44:01] API Request GET
[2025-03-10 21:44:01] GET all users
[2025-03-10 21:44:05] API Request GET
[2025-03-10 21:44:05] GET user 1
[2025-03-10 21:44:09] API Request GET
[2025-03-10 21:44:09] GET user 17
[2025-03-10 21:44:12] API Request GET
[2025-03-10 21:44:12] GET user 2
[2025-03-10 21:46:44] API Request GET
[2025-03-10 21:46:44] GET all users
[2025-03-10 21:46:50] API Request GET
[2025-03-10 21:46:50] GET user 1
[2025-03-10 21:46:53] API Request GET
[2025-03-10 21:46:53] GET user 1
[2025-03-10 21:49:51] API Request GET
[2025-03-10 21:49:51] GET all users
