[2025-03-09 18:58:28] API Request GET
[2025-03-09 18:58:28] GET all users
[2025-03-09 19:07:00] API Request GET
[2025-03-09 19:07:00] GET all users
[2025-03-09 19:10:02] API Request GET
[2025-03-09 19:10:02] GET all users
[2025-03-09 19:17:18] API Request GET
[2025-03-09 19:17:18] GET all users
[2025-03-09 19:27:08] API Request GET
[2025-03-09 19:27:08] GET all users
[2025-03-09 20:22:01] API Request GET
[2025-03-09 20:22:01] GET all users
[2025-03-09 20:22:54] API Request GET
[2025-03-09 20:22:54] GET user 1
[2025-03-09 20:23:01] API Request GET
[2025-03-09 20:23:01] GET user 4
[2025-03-09 20:24:42] API Request GET
[2025-03-09 20:24:42] GET user 1
[2025-03-09 20:24:56] API Request GET
[2025-03-09 20:24:56] GET user 1
[2025-03-09 20:25:06] API Request GET
[2025-03-09 20:25:06] GET user 1
[2025-03-09 20:33:38] API Request GET
[2025-03-09 20:33:38] GET all users
[2025-03-09 20:34:05] API Request GET
[2025-03-09 20:34:05] GET user 1
[2025-03-09 20:34:14] API Request PUT
[2025-03-09 20:34:14] PUT update user {"username":"admin","email":"admin@example.com","full_name":"Administrator","role_id":"1","status":"active","id":"1"}
[2025-03-09 20:34:14] User updated {"id":1}
[2025-03-09 20:34:14] API Request GET
[2025-03-09 20:34:14] GET all users
[2025-03-09 20:46:49] API Request GET
[2025-03-09 20:46:49] GET all users
[2025-03-09 20:48:10] API Request POST
[2025-03-09 20:48:10] POST create user {"username":"la_bruttezza","email":"cervellini@bruttezza.com","full_name":"Laurosa Cervellosa","role_id":"1","status":"active","avatar":null,"password":"quaranta"}
[2025-03-09 20:48:10] User created {"id":16,"username":"la_bruttezza"}
[2025-03-09 20:48:10] API Request GET
[2025-03-09 20:48:10] GET all users
[2025-03-09 21:06:02] API Request GET
[2025-03-09 21:06:02] GET all users
[2025-03-09 21:06:09] API Request GET
[2025-03-09 21:06:09] GET user 16
[2025-03-09 21:06:42] API Request GET
[2025-03-09 21:06:42] GET all users
[2025-03-09 21:06:45] API Request GET
[2025-03-09 21:06:45] GET user 16
[2025-03-09 21:06:49] API Request PUT
[2025-03-09 21:06:49] PUT update user {"username":"la_bruttezza","email":"cervellini@bruttezza.com","full_name":"Laurosa Cervellosa","role_id":"10","status":"active","id":"16"}
[2025-03-09 21:06:49] User updated {"id":16}
[2025-03-09 21:06:49] API Request GET
[2025-03-09 21:06:49] GET all users
[2025-03-09 21:51:53] API Request GET
[2025-03-09 21:51:53] GET all users
[2025-03-09 21:52:15] API Request POST
[2025-03-09 21:52:15] POST create user {"username":"bleo","email":"bleo@bleo.com","full_name":"Bleolite","role_id":"11","status":"active","password":"bleobleo"}
[2025-03-09 21:52:16] User created {"id":17,"username":"bleo"}
[2025-03-09 21:52:16] API Request GET
[2025-03-09 21:52:16] GET all users
[2025-03-09 21:52:29] API Request GET
[2025-03-09 21:52:29] GET user 17
[2025-03-09 21:52:45] API Request GET
[2025-03-09 21:52:45] GET all users
[2025-03-09 21:58:48] API Request GET
[2025-03-09 21:58:48] GET all users
[2025-03-09 21:59:58] API Request GET
[2025-03-09 21:59:58] GET all users
[2025-03-09 22:05:13] API Request GET
[2025-03-09 22:05:13] GET all users
[2025-03-09 22:06:24] API Request GET
[2025-03-09 22:06:24] GET all users
[2025-03-09 22:07:33] API Request GET
[2025-03-09 22:07:33] GET all users
[2025-03-09 22:07:50] API Request GET
[2025-03-09 22:07:50] GET all users
[2025-03-09 22:16:17] API Request GET
[2025-03-09 22:16:17] GET user 17
[2025-03-09 22:16:21] API Request PUT
[2025-03-09 22:16:21] PUT update user {"username":"bleo","email":"bleo@bleo.com","full_name":"Bleolite","role_id":"11","status":"inactive","id":"17"}
[2025-03-09 22:16:21] User updated {"id":17}
[2025-03-09 22:16:21] API Request GET
[2025-03-09 22:16:21] GET all users
[2025-03-09 22:16:24] API Request GET
[2025-03-09 22:16:24] GET user 17
[2025-03-09 22:16:27] API Request PUT
[2025-03-09 22:16:27] PUT update user {"username":"bleo","email":"bleo@bleo.com","full_name":"Bleolite","role_id":"11","status":"suspended","id":"17"}
[2025-03-09 22:16:27] User updated {"id":17}
[2025-03-09 22:16:27] API Request GET
[2025-03-09 22:16:27] GET all users
[2025-03-09 22:16:30] API Request GET
[2025-03-09 22:16:30] GET user 17
[2025-03-09 22:16:32] API Request PUT
[2025-03-09 22:16:32] PUT update user {"username":"bleo","email":"bleo@bleo.com","full_name":"Bleolite","role_id":"11","status":"active","id":"17"}
[2025-03-09 22:16:32] User updated {"id":17}
[2025-03-09 22:16:33] API Request GET
[2025-03-09 22:16:33] GET all users
