2025-03-11 16:32:11 - Tentativo cambio password
2025-03-11 16:32:11 - Metodo non valido
2025-03-11 16:37:44 - Tentativo cambio password
2025-03-11 16:37:44 - User ID: 1
2025-03-11 16:37:44 - Password attuale fornita: SI
2025-03-11 16:37:44 - Nuova password fornita: SI
2025-03-11 16:37:44 - Conferma password fornita: SI
2025-03-11 16:37:44 - Hash nel DB: $2y$10$F.r...
2025-03-11 16:37:44 - Verifica password: Successo
2025-03-11 16:37:44 - Nuovo hash generato
2025-03-11 16:37:44 - Password aggiornata con successo
2025-03-11 17:04:26 - Tentativo cambio password
2025-03-11 17:04:26 - User ID: 17
2025-03-11 17:04:26 - Password attuale fornita: SI
2025-03-11 17:04:26 - Nuova password fornita: SI
2025-03-11 17:04:26 - Conferma password fornita: SI
2025-03-11 17:04:26 - Hash nel DB: $2y$10$wEP...
2025-03-11 17:04:27 - Verifica password: Successo
2025-03-11 17:04:27 - Nuovo hash generato
2025-03-11 17:04:27 - Password aggiornata con successo
