2025-03-11 16:15:29 - Tentativo di aggiornamento password
2025-03-11 16:23:13 - Tentativo di aggiornamento password
2025-03-11 16:23:13 - User ID: 1
2025-03-11 16:23:13 - Password hash nel DB: $2y$10$xts...
2025-03-11 16:23:13 - Verifica password: Fallimento
2025-03-11 16:23:13 - Password attuale non corretta
2025-03-11 16:24:15 - Tentativo di aggiornamento password
2025-03-11 16:24:21 - Tentativo di aggiornamento password
2025-03-11 16:24:21 - User ID: 1
2025-03-11 16:24:21 - Password hash nel DB: $2y$10$xts...
2025-03-11 16:24:22 - Verifica password: Fallimento
2025-03-11 16:24:22 - Password attuale non corretta
2025-03-11 16:24:23 - Tentativo di aggiornamento password
2025-03-11 16:24:23 - User ID: 1
2025-03-11 16:24:23 - Password hash nel DB: $2y$10$xts...
2025-03-11 16:24:23 - Verifica password: Fallimento
2025-03-11 16:24:23 - Password attuale non corretta
2025-03-11 16:24:29 - Tentativo di aggiornamento password
2025-03-11 16:24:29 - User ID: 1
2025-03-11 16:24:29 - Password hash nel DB: $2y$10$xts...
2025-03-11 16:24:29 - Verifica password: Fallimento
2025-03-11 16:24:29 - Password attuale non corretta
2025-03-11 16:24:32 - Tentativo di aggiornamento password
